<?xml version="1.0" encoding="UTF-8"?>
<!-- Generated by org.testng.reporters.JUnitReportReporter -->
<testsuite skipped="0" hostname="AIPL2162LT07102" name="org.example.DemoTest" tests="2" failures="0" timestamp="27 May 2021 08:08:57 GMT" time="7.040" errors="0">
  <testcase name="flightTest" time="5.347" classname="org.example.DemoTest"/>
  <testcase name="flightTest" time="1.693" classname="org.example.DemoTest"/>
</testsuite> <!-- org.example.DemoTest -->
